info:  Game: Bioshock2.exe
info:  DXVK: v1.2
info:  Found config file: dxvk.conf
info:  Effective configuration:
info:    d3d9.shaderModel = 3
warn:  OpenVR: Failed to locate module
info:  Enabled instance extensions:
info:    VK_KHR_get_physical_device_properties2
info:    VK_KHR_surface
info:    VK_KHR_win32_surface
info:  AMD Radeon R9 200 Series:
info:    Driver: 2.0.87
info:    Vulkan: 1.1.106
info:    Memory Heap[0]: 
info:      Size: 2816 MiB
info:      Flags: 0x3
info:      Memory Type[0]: Property Flags = 0x1
info:    Memory Heap[1]: 
info:      Size: 11972 MiB
info:      Flags: 0x0
info:      Memory Type[1]: Property Flags = 0x6
info:      Memory Type[3]: Property Flags = 0xe
info:    Memory Heap[2]: 
info:      Size: 256 MiB
info:      Flags: 0x3
info:      Memory Type[2]: Property Flags = 0x7
info:  Process set as DPI aware
info:  Game: Bioshock2.exe
info:  DXVK: v1.2
info:  Found config file: dxvk.conf
info:  Effective configuration:
info:    d3d9.shaderModel = 3
warn:  OpenVR: Failed to locate module
info:  Enabled instance extensions:
info:    VK_KHR_get_physical_device_properties2
info:    VK_KHR_surface
info:    VK_KHR_win32_surface
info:  AMD Radeon R9 200 Series:
info:    Driver: 2.0.87
info:    Vulkan: 1.1.106
info:    Memory Heap[0]: 
info:      Size: 2816 MiB
info:      Flags: 0x3
info:      Memory Type[0]: Property Flags = 0x1
info:    Memory Heap[1]: 
info:      Size: 11972 MiB
info:      Flags: 0x0
info:      Memory Type[1]: Property Flags = 0x6
info:      Memory Type[3]: Property Flags = 0xe
info:    Memory Heap[2]: 
info:      Size: 256 MiB
info:      Flags: 0x3
info:      Memory Type[2]: Property Flags = 0x7
info:  Process set as DPI aware
info:  Enabled device extensions:
info:    VK_AMD_memory_overallocation_behavior
info:    VK_AMD_shader_fragment_mask
info:    VK_EXT_depth_clip_enable
info:    VK_EXT_memory_priority
info:    VK_EXT_shader_viewport_index_layer
info:    VK_EXT_transform_feedback
info:    VK_EXT_vertex_attribute_divisor
info:    VK_KHR_dedicated_allocation
info:    VK_KHR_descriptor_update_template
info:    VK_KHR_draw_indirect_count
info:    VK_KHR_driver_properties
info:    VK_KHR_get_memory_requirements2
info:    VK_KHR_image_format_list
info:    VK_KHR_maintenance1
info:    VK_KHR_maintenance2
info:    VK_KHR_sampler_mirror_clamp_to_edge
info:    VK_KHR_shader_draw_parameters
info:    VK_KHR_swapchain
