info:  Game: FalloutLauncher.exe
info:  DXVK: v1.0.1
info:  Found config file: dxvk.conf
info:  Effective configuration:
info:    d3d9.shaderModel = 3
warn:  OpenVR: Failed to locate module
info:  Enabled instance extensions:
info:    VK_KHR_get_physical_device_properties2
info:    VK_KHR_surface
info:    VK_KHR_win32_surface
info:  GeForce GTX 650 Ti:
info:    Driver: 419.35.0
info:    Vulkan: 1.1.95
info:    Memory Heap[0]: 
info:      Size: 2007 MiB
info:      Flags: 0x1
info:      Memory Type[7]: Property Flags = 0x1
info:      Memory Type[8]: Property Flags = 0x1
info:    Memory Heap[1]: 
info:      Size: 16324 MiB
info:      Flags: 0x0
info:      Memory Type[0]: Property Flags = 0x0
info:      Memory Type[1]: Property Flags = 0x0
info:      Memory Type[2]: Property Flags = 0x0
info:      Memory Type[3]: Property Flags = 0x0
info:      Memory Type[4]: Property Flags = 0x0
info:      Memory Type[5]: Property Flags = 0x0
info:      Memory Type[6]: Property Flags = 0x0
info:      Memory Type[9]: Property Flags = 0x6
info:      Memory Type[10]: Property Flags = 0xe
